<?xml version="1.0" encoding="UTF-8"?>
<testsuite xmlns:xsi="http://www.w3.org/2001/XMLSchema-instance" xsi:noNamespaceSchemaLocation="https://maven.apache.org/surefire/maven-surefire-plugin/xsd/surefire-test-report-3.0.xsd" version="3.0" name="es.uma.informatica.sii.plytix.pana.ApplicationTests$GetCuentaTests" time="2.789" tests="3" errors="0" skipped="0" failures="0">
  <properties>
    <property name="java.specification.version" value="17"/>
    <property name="sun.cpu.isalist" value="amd64"/>
    <property name="sun.jnu.encoding" value="Cp1252"/>
    <property name="java.class.path" value="C:\Users\enriq\OneDrive\Escritorio\SII\mini-pim-plytix-pana-TEST-JOSE-MOSHAB-JOSE2\target\test-classes;C:\Users\enriq\OneDrive\Escritorio\SII\mini-pim-plytix-pana-TEST-JOSE-MOSHAB-JOSE2\target\classes;C:\Users\enriq\.m2\repository\org\springframework\boot\spring-boot-starter-web\3.0.2\spring-boot-starter-web-3.0.2.jar;C:\Users\enriq\.m2\repository\org\springframework\boot\spring-boot-starter\3.0.2\spring-boot-starter-3.0.2.jar;C:\Users\enriq\.m2\repository\org\springframework\boot\spring-boot\3.0.2\spring-boot-3.0.2.jar;C:\Users\enriq\.m2\repository\org\springframework\boot\spring-boot-autoconfigure\3.0.2\spring-boot-autoconfigure-3.0.2.jar;C:\Users\enriq\.m2\repository\org\springframework\boot\spring-boot-starter-logging\3.0.2\spring-boot-starter-logging-3.0.2.jar;C:\Users\enriq\.m2\repository\ch\qos\logback\logback-classic\1.4.5\logback-classic-1.4.5.jar;C:\Users\enriq\.m2\repository\ch\qos\logback\logback-core\1.4.5\logback-core-1.4.5.jar;C:\Users\enriq\.m2\repository\org\apache\logging\log4j\log4j-to-slf4j\2.19.0\log4j-to-slf4j-2.19.0.jar;C:\Users\enriq\.m2\repository\org\apache\logging\log4j\log4j-api\2.19.0\log4j-api-2.19.0.jar;C:\Users\enriq\.m2\repository\org\slf4j\jul-to-slf4j\2.0.6\jul-to-slf4j-2.0.6.jar;C:\Users\enriq\.m2\repository\jakarta\annotation\jakarta.annotation-api\2.1.1\jakarta.annotation-api-2.1.1.jar;C:\Users\enriq\.m2\repository\org\yaml\snakeyaml\1.33\snakeyaml-1.33.jar;C:\Users\enriq\.m2\repository\org\springframework\boot\spring-boot-starter-json\3.0.2\spring-boot-starter-json-3.0.2.jar;C:\Users\enriq\.m2\repository\com\fasterxml\jackson\datatype\jackson-datatype-jdk8\2.14.1\jackson-datatype-jdk8-2.14.1.jar;C:\Users\enriq\.m2\repository\com\fasterxml\jackson\datatype\jackson-datatype-jsr310\2.14.1\jackson-datatype-jsr310-2.14.1.jar;C:\Users\enriq\.m2\repository\com\fasterxml\jackson\module\jackson-module-parameter-names\2.14.1\jackson-module-parameter-names-2.14.1.jar;C:\Users\enriq\.m2\repository\org\springframework\boot\spring-boot-starter-tomcat\3.0.2\spring-boot-starter-tomcat-3.0.2.jar;C:\Users\enriq\.m2\repository\org\apache\tomcat\embed\tomcat-embed-core\10.1.5\tomcat-embed-core-10.1.5.jar;C:\Users\enriq\.m2\repository\org\apache\tomcat\embed\tomcat-embed-el\10.1.5\tomcat-embed-el-10.1.5.jar;C:\Users\enriq\.m2\repository\org\apache\tomcat\embed\tomcat-embed-websocket\10.1.5\tomcat-embed-websocket-10.1.5.jar;C:\Users\enriq\.m2\repository\org\springframework\spring-web\6.0.4\spring-web-6.0.4.jar;C:\Users\enriq\.m2\repository\io\micrometer\micrometer-observation\1.10.3\micrometer-observation-1.10.3.jar;C:\Users\enriq\.m2\repository\io\micrometer\micrometer-commons\1.10.3\micrometer-commons-1.10.3.jar;C:\Users\enriq\.m2\repository\org\springframework\spring-webmvc\6.0.4\spring-webmvc-6.0.4.jar;C:\Users\enriq\.m2\repository\org\springframework\spring-expression\6.0.4\spring-expression-6.0.4.jar;C:\Users\enriq\.m2\repository\org\springframework\boot\spring-boot-starter-data-jpa\3.0.2\spring-boot-starter-data-jpa-3.0.2.jar;C:\Users\enriq\.m2\repository\org\springframework\boot\spring-boot-starter-aop\3.0.2\spring-boot-starter-aop-3.0.2.jar;C:\Users\enriq\.m2\repository\org\aspectj\aspectjweaver\1.9.19\aspectjweaver-1.9.19.jar;C:\Users\enriq\.m2\repository\org\springframework\boot\spring-boot-starter-jdbc\3.0.2\spring-boot-starter-jdbc-3.0.2.jar;C:\Users\enriq\.m2\repository\com\zaxxer\HikariCP\5.0.1\HikariCP-5.0.1.jar;C:\Users\enriq\.m2\repository\org\springframework\spring-jdbc\6.0.4\spring-jdbc-6.0.4.jar;C:\Users\enriq\.m2\repository\org\hibernate\orm\hibernate-core\6.1.6.Final\hibernate-core-6.1.6.Final.jar;C:\Users\enriq\.m2\repository\jakarta\persistence\jakarta.persistence-api\3.1.0\jakarta.persistence-api-3.1.0.jar;C:\Users\enriq\.m2\repository\jakarta\transaction\jakarta.transaction-api\2.0.1\jakarta.transaction-api-2.0.1.jar;C:\Users\enriq\.m2\repository\org\hibernate\common\hibernate-commons-annotations\6.0.2.Final\hibernate-commons-annotations-6.0.2.Final.jar;C:\Users\enriq\.m2\repository\org\jboss\jandex\2.4.2.Final\jandex-2.4.2.Final.jar;C:\Users\enriq\.m2\repository\net\bytebuddy\byte-buddy\1.12.22\byte-buddy-1.12.22.jar;C:\Users\enriq\.m2\repository\org\glassfish\jaxb\jaxb-runtime\4.0.1\jaxb-runtime-4.0.1.jar;C:\Users\enriq\.m2\repository\org\glassfish\jaxb\jaxb-core\4.0.1\jaxb-core-4.0.1.jar;C:\Users\enriq\.m2\repository\org\eclipse\angus\angus-activation\1.0.0\angus-activation-1.0.0.jar;C:\Users\enriq\.m2\repository\org\glassfish\jaxb\txw2\4.0.1\txw2-4.0.1.jar;C:\Users\enriq\.m2\repository\com\sun\istack\istack-commons-runtime\4.1.1\istack-commons-runtime-4.1.1.jar;C:\Users\enriq\.m2\repository\jakarta\inject\jakarta.inject-api\2.0.0\jakarta.inject-api-2.0.0.jar;C:\Users\enriq\.m2\repository\org\antlr\antlr4-runtime\4.10.1\antlr4-runtime-4.10.1.jar;C:\Users\enriq\.m2\repository\org\springframework\data\spring-data-jpa\3.0.1\spring-data-jpa-3.0.1.jar;C:\Users\enriq\.m2\repository\org\springframework\data\spring-data-commons\3.0.1\spring-data-commons-3.0.1.jar;C:\Users\enriq\.m2\repository\org\springframework\spring-orm\6.0.4\spring-orm-6.0.4.jar;C:\Users\enriq\.m2\repository\org\springframework\spring-tx\6.0.4\spring-tx-6.0.4.jar;C:\Users\enriq\.m2\repository\org\slf4j\slf4j-api\2.0.6\slf4j-api-2.0.6.jar;C:\Users\enriq\.m2\repository\org\springframework\spring-aspects\6.0.4\spring-aspects-6.0.4.jar;C:\Users\enriq\.m2\repository\com\h2database\h2\2.1.214\h2-2.1.214.jar;C:\Users\enriq\.m2\repository\org\springframework\boot\spring-boot-starter-test\3.0.2\spring-boot-starter-test-3.0.2.jar;C:\Users\enriq\.m2\repository\org\springframework\boot\spring-boot-test\3.0.2\spring-boot-test-3.0.2.jar;C:\Users\enriq\.m2\repository\org\springframework\boot\spring-boot-test-autoconfigure\3.0.2\spring-boot-test-autoconfigure-3.0.2.jar;C:\Users\enriq\.m2\repository\com\jayway\jsonpath\json-path\2.7.0\json-path-2.7.0.jar;C:\Users\enriq\.m2\repository\net\minidev\json-smart\2.4.8\json-smart-2.4.8.jar;C:\Users\enriq\.m2\repository\net\minidev\accessors-smart\2.4.8\accessors-smart-2.4.8.jar;C:\Users\enriq\.m2\repository\org\ow2\asm\asm\9.1\asm-9.1.jar;C:\Users\enriq\.m2\repository\jakarta\xml\bind\jakarta.xml.bind-api\4.0.0\jakarta.xml.bind-api-4.0.0.jar;C:\Users\enriq\.m2\repository\jakarta\activation\jakarta.activation-api\2.1.1\jakarta.activation-api-2.1.1.jar;C:\Users\enriq\.m2\repository\org\assertj\assertj-core\3.23.1\assertj-core-3.23.1.jar;C:\Users\enriq\.m2\repository\org\hamcrest\hamcrest\2.2\hamcrest-2.2.jar;C:\Users\enriq\.m2\repository\org\junit\jupiter\junit-jupiter\5.9.2\junit-jupiter-5.9.2.jar;C:\Users\enriq\.m2\repository\org\junit\jupiter\junit-jupiter-api\5.9.2\junit-jupiter-api-5.9.2.jar;C:\Users\enriq\.m2\repository\org\opentest4j\opentest4j\1.2.0\opentest4j-1.2.0.jar;C:\Users\enriq\.m2\repository\org\junit\platform\junit-platform-commons\1.9.2\junit-platform-commons-1.9.2.jar;C:\Users\enriq\.m2\repository\org\apiguardian\apiguardian-api\1.1.2\apiguardian-api-1.1.2.jar;C:\Users\enriq\.m2\repository\org\junit\jupiter\junit-jupiter-params\5.9.2\junit-jupiter-params-5.9.2.jar;C:\Users\enriq\.m2\repository\org\junit\jupiter\junit-jupiter-engine\5.9.2\junit-jupiter-engine-5.9.2.jar;C:\Users\enriq\.m2\repository\org\junit\platform\junit-platform-engine\1.9.2\junit-platform-engine-1.9.2.jar;C:\Users\enriq\.m2\repository\org\mockito\mockito-core\4.8.1\mockito-core-4.8.1.jar;C:\Users\enriq\.m2\repository\net\bytebuddy\byte-buddy-agent\1.12.22\byte-buddy-agent-1.12.22.jar;C:\Users\enriq\.m2\repository\org\objenesis\objenesis\3.2\objenesis-3.2.jar;C:\Users\enriq\.m2\repository\org\mockito\mockito-junit-jupiter\4.8.1\mockito-junit-jupiter-4.8.1.jar;C:\Users\enriq\.m2\repository\org\skyscreamer\jsonassert\1.5.1\jsonassert-1.5.1.jar;C:\Users\enriq\.m2\repository\com\vaadin\external\google\android-json\0.0.20131108.vaadin1\android-json-0.0.20131108.vaadin1.jar;C:\Users\enriq\.m2\repository\org\springframework\spring-core\6.0.4\spring-core-6.0.4.jar;C:\Users\enriq\.m2\repository\org\springframework\spring-jcl\6.0.4\spring-jcl-6.0.4.jar;C:\Users\enriq\.m2\repository\org\springframework\spring-test\6.0.4\spring-test-6.0.4.jar;C:\Users\enriq\.m2\repository\org\xmlunit\xmlunit-core\2.9.1\xmlunit-core-2.9.1.jar;C:\Users\enriq\.m2\repository\org\springframework\security\spring-security-test\6.0.1\spring-security-test-6.0.1.jar;C:\Users\enriq\.m2\repository\org\springframework\security\spring-security-core\6.0.1\spring-security-core-6.0.1.jar;C:\Users\enriq\.m2\repository\org\springframework\security\spring-security-crypto\6.0.1\spring-security-crypto-6.0.1.jar;C:\Users\enriq\.m2\repository\org\springframework\security\spring-security-web\6.0.1\spring-security-web-6.0.1.jar;C:\Users\enriq\.m2\repository\org\springframework\boot\spring-boot-starter-security\3.0.2\spring-boot-starter-security-3.0.2.jar;C:\Users\enriq\.m2\repository\org\springframework\spring-aop\6.0.4\spring-aop-6.0.4.jar;C:\Users\enriq\.m2\repository\io\jsonwebtoken\jjwt-impl\0.11.5\jjwt-impl-0.11.5.jar;C:\Users\enriq\.m2\repository\io\jsonwebtoken\jjwt-api\0.11.5\jjwt-api-0.11.5.jar;C:\Users\enriq\.m2\repository\io\jsonwebtoken\jjwt-jackson\0.11.5\jjwt-jackson-0.11.5.jar;C:\Users\enriq\.m2\repository\com\fasterxml\jackson\core\jackson-databind\2.14.1\jackson-databind-2.14.1.jar;C:\Users\enriq\.m2\repository\com\fasterxml\jackson\core\jackson-annotations\2.14.1\jackson-annotations-2.14.1.jar;C:\Users\enriq\.m2\repository\com\fasterxml\jackson\core\jackson-core\2.14.1\jackson-core-2.14.1.jar;C:\Users\enriq\.m2\repository\org\hibernate\validator\hibernate-validator\8.0.0.Final\hibernate-validator-8.0.0.Final.jar;C:\Users\enriq\.m2\repository\jakarta\validation\jakarta.validation-api\3.0.2\jakarta.validation-api-3.0.2.jar;C:\Users\enriq\.m2\repository\org\jboss\logging\jboss-logging\3.5.0.Final\jboss-logging-3.5.0.Final.jar;C:\Users\enriq\.m2\repository\com\fasterxml\classmate\1.5.1\classmate-1.5.1.jar;C:\Users\enriq\.m2\repository\org\glassfish\expressly\expressly\6.0.0-M1\expressly-6.0.0-M1.jar;C:\Users\enriq\.m2\repository\jakarta\el\jakarta.el-api\6.0.0-M1\jakarta.el-api-6.0.0-M1.jar;C:\Users\enriq\.m2\repository\org\projectlombok\lombok\1.18.32\lombok-1.18.32.jar;C:\Users\enriq\.m2\repository\org\springdoc\springdoc-openapi-starter-webmvc-ui\2.0.2\springdoc-openapi-starter-webmvc-ui-2.0.2.jar;C:\Users\enriq\.m2\repository\org\springdoc\springdoc-openapi-starter-webmvc-api\2.0.2\springdoc-openapi-starter-webmvc-api-2.0.2.jar;C:\Users\enriq\.m2\repository\org\springdoc\springdoc-openapi-starter-common\2.0.2\springdoc-openapi-starter-common-2.0.2.jar;C:\Users\enriq\.m2\repository\io\swagger\core\v3\swagger-core-jakarta\2.2.7\swagger-core-jakarta-2.2.7.jar;C:\Users\enriq\.m2\repository\org\apache\commons\commons-lang3\3.12.0\commons-lang3-3.12.0.jar;C:\Users\enriq\.m2\repository\io\swagger\core\v3\swagger-annotations-jakarta\2.2.7\swagger-annotations-jakarta-2.2.7.jar;C:\Users\enriq\.m2\repository\io\swagger\core\v3\swagger-models-jakarta\2.2.7\swagger-models-jakarta-2.2.7.jar;C:\Users\enriq\.m2\repository\com\fasterxml\jackson\dataformat\jackson-dataformat-yaml\2.14.1\jackson-dataformat-yaml-2.14.1.jar;C:\Users\enriq\.m2\repository\org\webjars\swagger-ui\4.15.5\swagger-ui-4.15.5.jar;C:\Users\enriq\.m2\repository\org\webjars\webjars-locator-core\0.52\webjars-locator-core-0.52.jar;C:\Users\enriq\.m2\repository\io\github\classgraph\classgraph\4.8.149\classgraph-4.8.149.jar;C:\Users\enriq\.m2\repository\org\springframework\security\spring-security-config\6.0.1\spring-security-config-6.0.1.jar;C:\Users\enriq\.m2\repository\org\springframework\spring-beans\6.0.4\spring-beans-6.0.4.jar;C:\Users\enriq\.m2\repository\org\springframework\spring-context\6.0.4\spring-context-6.0.4.jar;"/>
    <property name="java.vm.vendor" value="Oracle Corporation"/>
    <property name="sun.arch.data.model" value="64"/>
    <property name="user.variant" value=""/>
    <property name="catalina.useNaming" value="false"/>
    <property name="java.vendor.url" value="https://java.oracle.com/"/>
    <property name="user.timezone" value="Europe/Madrid"/>
    <property name="org.jboss.logging.provider" value="slf4j"/>
    <property name="os.name" value="Windows 10"/>
    <property name="java.vm.specification.version" value="17"/>
    <property name="sun.java.launcher" value="SUN_STANDARD"/>
    <property name="user.country" value="ES"/>
    <property name="sun.boot.library.path" value="C:\Program Files\Java\jdk-17.0.5\bin"/>
    <property name="sun.java.command" value="C:\Users\enriq\AppData\Local\Temp\surefire14250389366517003362\surefirebooter-20250527225119734_3.jar C:\Users\enriq\AppData\Local\Temp\surefire14250389366517003362 2025-05-27T22-51-18_659-jvmRun1 surefire-20250527225119734_1tmp surefire_0-20250527225119734_2tmp"/>
    <property name="jdk.debug" value="release"/>
    <property name="surefire.test.class.path" value="C:\Users\enriq\OneDrive\Escritorio\SII\mini-pim-plytix-pana-TEST-JOSE-MOSHAB-JOSE2\target\test-classes;C:\Users\enriq\OneDrive\Escritorio\SII\mini-pim-plytix-pana-TEST-JOSE-MOSHAB-JOSE2\target\classes;C:\Users\enriq\.m2\repository\org\springframework\boot\spring-boot-starter-web\3.0.2\spring-boot-starter-web-3.0.2.jar;C:\Users\enriq\.m2\repository\org\springframework\boot\spring-boot-starter\3.0.2\spring-boot-starter-3.0.2.jar;C:\Users\enriq\.m2\repository\org\springframework\boot\spring-boot\3.0.2\spring-boot-3.0.2.jar;C:\Users\enriq\.m2\repository\org\springframework\boot\spring-boot-autoconfigure\3.0.2\spring-boot-autoconfigure-3.0.2.jar;C:\Users\enriq\.m2\repository\org\springframework\boot\spring-boot-starter-logging\3.0.2\spring-boot-starter-logging-3.0.2.jar;C:\Users\enriq\.m2\repository\ch\qos\logback\logback-classic\1.4.5\logback-classic-1.4.5.jar;C:\Users\enriq\.m2\repository\ch\qos\logback\logback-core\1.4.5\logback-core-1.4.5.jar;C:\Users\enriq\.m2\repository\org\apache\logging\log4j\log4j-to-slf4j\2.19.0\log4j-to-slf4j-2.19.0.jar;C:\Users\enriq\.m2\repository\org\apache\logging\log4j\log4j-api\2.19.0\log4j-api-2.19.0.jar;C:\Users\enriq\.m2\repository\org\slf4j\jul-to-slf4j\2.0.6\jul-to-slf4j-2.0.6.jar;C:\Users\enriq\.m2\repository\jakarta\annotation\jakarta.annotation-api\2.1.1\jakarta.annotation-api-2.1.1.jar;C:\Users\enriq\.m2\repository\org\yaml\snakeyaml\1.33\snakeyaml-1.33.jar;C:\Users\enriq\.m2\repository\org\springframework\boot\spring-boot-starter-json\3.0.2\spring-boot-starter-json-3.0.2.jar;C:\Users\enriq\.m2\repository\com\fasterxml\jackson\datatype\jackson-datatype-jdk8\2.14.1\jackson-datatype-jdk8-2.14.1.jar;C:\Users\enriq\.m2\repository\com\fasterxml\jackson\datatype\jackson-datatype-jsr310\2.14.1\jackson-datatype-jsr310-2.14.1.jar;C:\Users\enriq\.m2\repository\com\fasterxml\jackson\module\jackson-module-parameter-names\2.14.1\jackson-module-parameter-names-2.14.1.jar;C:\Users\enriq\.m2\repository\org\springframework\boot\spring-boot-starter-tomcat\3.0.2\spring-boot-starter-tomcat-3.0.2.jar;C:\Users\enriq\.m2\repository\org\apache\tomcat\embed\tomcat-embed-core\10.1.5\tomcat-embed-core-10.1.5.jar;C:\Users\enriq\.m2\repository\org\apache\tomcat\embed\tomcat-embed-el\10.1.5\tomcat-embed-el-10.1.5.jar;C:\Users\enriq\.m2\repository\org\apache\tomcat\embed\tomcat-embed-websocket\10.1.5\tomcat-embed-websocket-10.1.5.jar;C:\Users\enriq\.m2\repository\org\springframework\spring-web\6.0.4\spring-web-6.0.4.jar;C:\Users\enriq\.m2\repository\io\micrometer\micrometer-observation\1.10.3\micrometer-observation-1.10.3.jar;C:\Users\enriq\.m2\repository\io\micrometer\micrometer-commons\1.10.3\micrometer-commons-1.10.3.jar;C:\Users\enriq\.m2\repository\org\springframework\spring-webmvc\6.0.4\spring-webmvc-6.0.4.jar;C:\Users\enriq\.m2\repository\org\springframework\spring-expression\6.0.4\spring-expression-6.0.4.jar;C:\Users\enriq\.m2\repository\org\springframework\boot\spring-boot-starter-data-jpa\3.0.2\spring-boot-starter-data-jpa-3.0.2.jar;C:\Users\enriq\.m2\repository\org\springframework\boot\spring-boot-starter-aop\3.0.2\spring-boot-starter-aop-3.0.2.jar;C:\Users\enriq\.m2\repository\org\aspectj\aspectjweaver\1.9.19\aspectjweaver-1.9.19.jar;C:\Users\enriq\.m2\repository\org\springframework\boot\spring-boot-starter-jdbc\3.0.2\spring-boot-starter-jdbc-3.0.2.jar;C:\Users\enriq\.m2\repository\com\zaxxer\HikariCP\5.0.1\HikariCP-5.0.1.jar;C:\Users\enriq\.m2\repository\org\springframework\spring-jdbc\6.0.4\spring-jdbc-6.0.4.jar;C:\Users\enriq\.m2\repository\org\hibernate\orm\hibernate-core\6.1.6.Final\hibernate-core-6.1.6.Final.jar;C:\Users\enriq\.m2\repository\jakarta\persistence\jakarta.persistence-api\3.1.0\jakarta.persistence-api-3.1.0.jar;C:\Users\enriq\.m2\repository\jakarta\transaction\jakarta.transaction-api\2.0.1\jakarta.transaction-api-2.0.1.jar;C:\Users\enriq\.m2\repository\org\hibernate\common\hibernate-commons-annotations\6.0.2.Final\hibernate-commons-annotations-6.0.2.Final.jar;C:\Users\enriq\.m2\repository\org\jboss\jandex\2.4.2.Final\jandex-2.4.2.Final.jar;C:\Users\enriq\.m2\repository\net\bytebuddy\byte-buddy\1.12.22\byte-buddy-1.12.22.jar;C:\Users\enriq\.m2\repository\org\glassfish\jaxb\jaxb-runtime\4.0.1\jaxb-runtime-4.0.1.jar;C:\Users\enriq\.m2\repository\org\glassfish\jaxb\jaxb-core\4.0.1\jaxb-core-4.0.1.jar;C:\Users\enriq\.m2\repository\org\eclipse\angus\angus-activation\1.0.0\angus-activation-1.0.0.jar;C:\Users\enriq\.m2\repository\org\glassfish\jaxb\txw2\4.0.1\txw2-4.0.1.jar;C:\Users\enriq\.m2\repository\com\sun\istack\istack-commons-runtime\4.1.1\istack-commons-runtime-4.1.1.jar;C:\Users\enriq\.m2\repository\jakarta\inject\jakarta.inject-api\2.0.0\jakarta.inject-api-2.0.0.jar;C:\Users\enriq\.m2\repository\org\antlr\antlr4-runtime\4.10.1\antlr4-runtime-4.10.1.jar;C:\Users\enriq\.m2\repository\org\springframework\data\spring-data-jpa\3.0.1\spring-data-jpa-3.0.1.jar;C:\Users\enriq\.m2\repository\org\springframework\data\spring-data-commons\3.0.1\spring-data-commons-3.0.1.jar;C:\Users\enriq\.m2\repository\org\springframework\spring-orm\6.0.4\spring-orm-6.0.4.jar;C:\Users\enriq\.m2\repository\org\springframework\spring-tx\6.0.4\spring-tx-6.0.4.jar;C:\Users\enriq\.m2\repository\org\slf4j\slf4j-api\2.0.6\slf4j-api-2.0.6.jar;C:\Users\enriq\.m2\repository\org\springframework\spring-aspects\6.0.4\spring-aspects-6.0.4.jar;C:\Users\enriq\.m2\repository\com\h2database\h2\2.1.214\h2-2.1.214.jar;C:\Users\enriq\.m2\repository\org\springframework\boot\spring-boot-starter-test\3.0.2\spring-boot-starter-test-3.0.2.jar;C:\Users\enriq\.m2\repository\org\springframework\boot\spring-boot-test\3.0.2\spring-boot-test-3.0.2.jar;C:\Users\enriq\.m2\repository\org\springframework\boot\spring-boot-test-autoconfigure\3.0.2\spring-boot-test-autoconfigure-3.0.2.jar;C:\Users\enriq\.m2\repository\com\jayway\jsonpath\json-path\2.7.0\json-path-2.7.0.jar;C:\Users\enriq\.m2\repository\net\minidev\json-smart\2.4.8\json-smart-2.4.8.jar;C:\Users\enriq\.m2\repository\net\minidev\accessors-smart\2.4.8\accessors-smart-2.4.8.jar;C:\Users\enriq\.m2\repository\org\ow2\asm\asm\9.1\asm-9.1.jar;C:\Users\enriq\.m2\repository\jakarta\xml\bind\jakarta.xml.bind-api\4.0.0\jakarta.xml.bind-api-4.0.0.jar;C:\Users\enriq\.m2\repository\jakarta\activation\jakarta.activation-api\2.1.1\jakarta.activation-api-2.1.1.jar;C:\Users\enriq\.m2\repository\org\assertj\assertj-core\3.23.1\assertj-core-3.23.1.jar;C:\Users\enriq\.m2\repository\org\hamcrest\hamcrest\2.2\hamcrest-2.2.jar;C:\Users\enriq\.m2\repository\org\junit\jupiter\junit-jupiter\5.9.2\junit-jupiter-5.9.2.jar;C:\Users\enriq\.m2\repository\org\junit\jupiter\junit-jupiter-api\5.9.2\junit-jupiter-api-5.9.2.jar;C:\Users\enriq\.m2\repository\org\opentest4j\opentest4j\1.2.0\opentest4j-1.2.0.jar;C:\Users\enriq\.m2\repository\org\junit\platform\junit-platform-commons\1.9.2\junit-platform-commons-1.9.2.jar;C:\Users\enriq\.m2\repository\org\apiguardian\apiguardian-api\1.1.2\apiguardian-api-1.1.2.jar;C:\Users\enriq\.m2\repository\org\junit\jupiter\junit-jupiter-params\5.9.2\junit-jupiter-params-5.9.2.jar;C:\Users\enriq\.m2\repository\org\junit\jupiter\junit-jupiter-engine\5.9.2\junit-jupiter-engine-5.9.2.jar;C:\Users\enriq\.m2\repository\org\junit\platform\junit-platform-engine\1.9.2\junit-platform-engine-1.9.2.jar;C:\Users\enriq\.m2\repository\org\mockito\mockito-core\4.8.1\mockito-core-4.8.1.jar;C:\Users\enriq\.m2\repository\net\bytebuddy\byte-buddy-agent\1.12.22\byte-buddy-agent-1.12.22.jar;C:\Users\enriq\.m2\repository\org\objenesis\objenesis\3.2\objenesis-3.2.jar;C:\Users\enriq\.m2\repository\org\mockito\mockito-junit-jupiter\4.8.1\mockito-junit-jupiter-4.8.1.jar;C:\Users\enriq\.m2\repository\org\skyscreamer\jsonassert\1.5.1\jsonassert-1.5.1.jar;C:\Users\enriq\.m2\repository\com\vaadin\external\google\android-json\0.0.20131108.vaadin1\android-json-0.0.20131108.vaadin1.jar;C:\Users\enriq\.m2\repository\org\springframework\spring-core\6.0.4\spring-core-6.0.4.jar;C:\Users\enriq\.m2\repository\org\springframework\spring-jcl\6.0.4\spring-jcl-6.0.4.jar;C:\Users\enriq\.m2\repository\org\springframework\spring-test\6.0.4\spring-test-6.0.4.jar;C:\Users\enriq\.m2\repository\org\xmlunit\xmlunit-core\2.9.1\xmlunit-core-2.9.1.jar;C:\Users\enriq\.m2\repository\org\springframework\security\spring-security-test\6.0.1\spring-security-test-6.0.1.jar;C:\Users\enriq\.m2\repository\org\springframework\security\spring-security-core\6.0.1\spring-security-core-6.0.1.jar;C:\Users\enriq\.m2\repository\org\springframework\security\spring-security-crypto\6.0.1\spring-security-crypto-6.0.1.jar;C:\Users\enriq\.m2\repository\org\springframework\security\spring-security-web\6.0.1\spring-security-web-6.0.1.jar;C:\Users\enriq\.m2\repository\org\springframework\boot\spring-boot-starter-security\3.0.2\spring-boot-starter-security-3.0.2.jar;C:\Users\enriq\.m2\repository\org\springframework\spring-aop\6.0.4\spring-aop-6.0.4.jar;C:\Users\enriq\.m2\repository\io\jsonwebtoken\jjwt-impl\0.11.5\jjwt-impl-0.11.5.jar;C:\Users\enriq\.m2\repository\io\jsonwebtoken\jjwt-api\0.11.5\jjwt-api-0.11.5.jar;C:\Users\enriq\.m2\repository\io\jsonwebtoken\jjwt-jackson\0.11.5\jjwt-jackson-0.11.5.jar;C:\Users\enriq\.m2\repository\com\fasterxml\jackson\core\jackson-databind\2.14.1\jackson-databind-2.14.1.jar;C:\Users\enriq\.m2\repository\com\fasterxml\jackson\core\jackson-annotations\2.14.1\jackson-annotations-2.14.1.jar;C:\Users\enriq\.m2\repository\com\fasterxml\jackson\core\jackson-core\2.14.1\jackson-core-2.14.1.jar;C:\Users\enriq\.m2\repository\org\hibernate\validator\hibernate-validator\8.0.0.Final\hibernate-validator-8.0.0.Final.jar;C:\Users\enriq\.m2\repository\jakarta\validation\jakarta.validation-api\3.0.2\jakarta.validation-api-3.0.2.jar;C:\Users\enriq\.m2\repository\org\jboss\logging\jboss-logging\3.5.0.Final\jboss-logging-3.5.0.Final.jar;C:\Users\enriq\.m2\repository\com\fasterxml\classmate\1.5.1\classmate-1.5.1.jar;C:\Users\enriq\.m2\repository\org\glassfish\expressly\expressly\6.0.0-M1\expressly-6.0.0-M1.jar;C:\Users\enriq\.m2\repository\jakarta\el\jakarta.el-api\6.0.0-M1\jakarta.el-api-6.0.0-M1.jar;C:\Users\enriq\.m2\repository\org\projectlombok\lombok\1.18.32\lombok-1.18.32.jar;C:\Users\enriq\.m2\repository\org\springdoc\springdoc-openapi-starter-webmvc-ui\2.0.2\springdoc-openapi-starter-webmvc-ui-2.0.2.jar;C:\Users\enriq\.m2\repository\org\springdoc\springdoc-openapi-starter-webmvc-api\2.0.2\springdoc-openapi-starter-webmvc-api-2.0.2.jar;C:\Users\enriq\.m2\repository\org\springdoc\springdoc-openapi-starter-common\2.0.2\springdoc-openapi-starter-common-2.0.2.jar;C:\Users\enriq\.m2\repository\io\swagger\core\v3\swagger-core-jakarta\2.2.7\swagger-core-jakarta-2.2.7.jar;C:\Users\enriq\.m2\repository\org\apache\commons\commons-lang3\3.12.0\commons-lang3-3.12.0.jar;C:\Users\enriq\.m2\repository\io\swagger\core\v3\swagger-annotations-jakarta\2.2.7\swagger-annotations-jakarta-2.2.7.jar;C:\Users\enriq\.m2\repository\io\swagger\core\v3\swagger-models-jakarta\2.2.7\swagger-models-jakarta-2.2.7.jar;C:\Users\enriq\.m2\repository\com\fasterxml\jackson\dataformat\jackson-dataformat-yaml\2.14.1\jackson-dataformat-yaml-2.14.1.jar;C:\Users\enriq\.m2\repository\org\webjars\swagger-ui\4.15.5\swagger-ui-4.15.5.jar;C:\Users\enriq\.m2\repository\org\webjars\webjars-locator-core\0.52\webjars-locator-core-0.52.jar;C:\Users\enriq\.m2\repository\io\github\classgraph\classgraph\4.8.149\classgraph-4.8.149.jar;C:\Users\enriq\.m2\repository\org\springframework\security\spring-security-config\6.0.1\spring-security-config-6.0.1.jar;C:\Users\enriq\.m2\repository\org\springframework\spring-beans\6.0.4\spring-beans-6.0.4.jar;C:\Users\enriq\.m2\repository\org\springframework\spring-context\6.0.4\spring-context-6.0.4.jar;"/>
    <property name="sun.cpu.endian" value="little"/>
    <property name="user.home" value="C:\Users\enriq"/>
    <property name="user.language" value="es"/>
    <property name="java.specification.vendor" value="Oracle Corporation"/>
    <property name="java.version.date" value="2022-10-18"/>
    <property name="java.home" value="C:\Program Files\Java\jdk-17.0.5"/>
    <property name="file.separator" value="\"/>
    <property name="basedir" value="C:\Users\enriq\OneDrive\Escritorio\SII\mini-pim-plytix-pana-TEST-JOSE-MOSHAB-JOSE2"/>
    <property name="java.vm.compressedOopsMode" value="Zero based"/>
    <property name="line.separator" value="&#10;"/>
    <property name="java.vm.specification.vendor" value="Oracle Corporation"/>
    <property name="java.specification.name" value="Java Platform API Specification"/>
    <property name="FILE_LOG_CHARSET" value="windows-1252"/>
    <property name="java.awt.headless" value="true"/>
    <property name="surefire.real.class.path" value="C:\Users\enriq\AppData\Local\Temp\surefire14250389366517003362\surefirebooter-20250527225119734_3.jar"/>
    <property name="user.script" value=""/>
    <property name="sun.management.compiler" value="HotSpot 64-Bit Tiered Compilers"/>
    <property name="java.runtime.version" value="17.0.5+9-LTS-191"/>
    <property name="user.name" value="enriq"/>
    <property name="path.separator" value=";"/>
    <property name="os.version" value="10.0"/>
    <property name="java.runtime.name" value="Java(TM) SE Runtime Environment"/>
    <property name="file.encoding" value="Cp1252"/>
    <property name="java.vm.name" value="Java HotSpot(TM) 64-Bit Server VM"/>
    <property name="localRepository" value="C:\Users\enriq\.m2\repository"/>
    <property name="java.vendor.url.bug" value="https://bugreport.java.com/bugreport/"/>
    <property name="java.io.tmpdir" value="C:\Users\enriq\AppData\Local\Temp\"/>
    <property name="catalina.home" value="C:\Users\enriq\AppData\Local\Temp\tomcat.0.3006600921752101633"/>
    <property name="com.zaxxer.hikari.pool_number" value="10"/>
    <property name="java.version" value="17.0.5"/>
    <property name="user.dir" value="C:\Users\enriq\OneDrive\Escritorio\SII\mini-pim-plytix-pana-TEST-JOSE-MOSHAB-JOSE2"/>
    <property name="os.arch" value="amd64"/>
    <property name="java.vm.specification.name" value="Java Virtual Machine Specification"/>
    <property name="PID" value="17728"/>
    <property name="sun.os.patch.level" value=""/>
    <property name="CONSOLE_LOG_CHARSET" value="windows-1252"/>
    <property name="catalina.base" value="C:\Users\enriq\AppData\Local\Temp\tomcat.0.15008413368635365691"/>
    <property name="native.encoding" value="Cp1252"/>
    <property name="java.library.path" value="C:\Program Files\Java\jdk-17.0.5\bin;C:\windows\Sun\Java\bin;C:\windows\system32;C:\windows;C:\Program Files (x86)\VMware\VMware Workstation\bin\;C:\Program Files (x86)\Razer Chroma SDK\bin;C:\Program Files\Razer Chroma SDK\bin;C:\Program Files (x86)\Razer\ChromaBroadcast\bin;C:\Program Files\Razer\ChromaBroadcast\bin;C:\mingw64\bin;C:\Program Files\Common Files\Oracle\Java\javapath;C:\Program Files\Haskell\bin;C:\Program Files\Haskell Platform\8.6.5\lib\extralibs\bin;C:\Program Files\Haskell Platform\8.6.5\bin;C:\Program Files (x86)\Common Files\Oracle\Java\javapath;C:\windows\system32;C:\windows;C:\windows\System32\Wbem;C:\windows\System32\WindowsPowerShell\v1.0\;C:\windows\System32\OpenSSH\;C:\Program Files (x86)\NVIDIA Corporation\PhysX\Common;C:\Program Files\NVIDIA Corporation\NVIDIA NvDLISR;C:\Program Files\Haskell Platform\8.6.5\mingw\bin;C:\Program Files\Git\cmd;C:\Program Files (x86)\dotnet\;C:\windows\system32\config\systemprofile\AppData\Local\Microsoft\WindowsApps;C:\Program Files\dotnet\;C:\Users\enriq\AppData\Roaming\cabal\bin;C:\Users\enriq\AppData\Roaming\local\bin;C:\Users\enriq\AppData\Local\Microsoft\WindowsApps;C:\Users\enriq\AppData\Local\Programs\Microsoft VS Code\bin;C:\Users\enriq\AppData\Local\GitHubDesktop\bin;C:\Program Files\PuTTY\;C:\Program Files\Docker\Docker\resources\bin;C:\Users\enriq\AppData\Roaming\cabal\bin;C:\Users\enriq\AppData\Roaming\local\bin;C:\Users\enriq\AppData\Local\Microsoft\WindowsApps;C:\Users\enriq\AppData\Local\Programs\Microsoft VS Code\bin;C:\Users\enriq\AppData\Local\GitHubDesktop\bin;C:\Users\enriq\apache-maven-3.9.9\bin;;."/>
    <property name="java.vm.info" value="mixed mode, sharing"/>
    <property name="java.vendor" value="Oracle Corporation"/>
    <property name="java.vm.version" value="17.0.5+9-LTS-191"/>
    <property name="sun.io.unicode.encoding" value="UnicodeLittle"/>
    <property name="java.class.version" value="61.0"/>
  </properties>
  <testcase name="getCuentasPorNombre" classname="es.uma.informatica.sii.plytix.pana.ApplicationTests$GetCuentaTests" time="0.485">
    <system-out><![CDATA[2025-05-27T22:51:36.647+02:00  INFO 17728 --- [           main] t.c.s.AnnotationConfigContextLoaderUtils : Could not detect default configuration classes for test class [es.uma.informatica.sii.plytix.pana.ApplicationTests$GetCuentaTests]: GetCuentaTests does not declare any static, non-private, non-final, nested classes annotated with @Configuration.
2025-05-27T22:51:36.648+02:00  INFO 17728 --- [           main] .b.t.c.SpringBootTestContextBootstrapper : Found @SpringBootConfiguration es.uma.informatica.sii.plytix.pana.Application for test class es.uma.informatica.sii.plytix.pana.ApplicationTests$GetCuentaTests

  .   ____          _            __ _ _
 /\\ / ___'_ __ _ _(_)_ __  __ _ \ \ \ \
( ( )\___ | '_ | '_| | '_ \/ _` | \ \ \ \
 \\/  ___)| |_)| | | | | || (_| |  ) ) ) )
  '  |____| .__|_| |_|_| |_\__, | / / / /
 =========|_|==============|___/=/_/_/_/
 :: Spring Boot ::                (v3.0.2)

2025-05-27T22:51:36.667+02:00  INFO 17728 --- [           main] e.u.i.sii.plytix.pana.ApplicationTests   : Starting ApplicationTests using Java 17.0.5 with PID 17728 (started by enriq in C:\Users\enriq\OneDrive\Escritorio\SII\mini-pim-plytix-pana-TEST-JOSE-MOSHAB-JOSE2)
2025-05-27T22:51:36.667+02:00  INFO 17728 --- [           main] e.u.i.sii.plytix.pana.ApplicationTests   : No active profile set, falling back to 1 default profile: "default"
2025-05-27T22:51:36.803+02:00  INFO 17728 --- [           main] .s.d.r.c.RepositoryConfigurationDelegate : Bootstrapping Spring Data JPA repositories in DEFAULT mode.
2025-05-27T22:51:36.812+02:00  INFO 17728 --- [           main] .s.d.r.c.RepositoryConfigurationDelegate : Finished Spring Data repository scanning in 9 ms. Found 2 JPA repository interfaces.
2025-05-27T22:51:36.854+02:00  INFO 17728 --- [           main] o.s.b.w.embedded.tomcat.TomcatWebServer  : Tomcat initialized with port(s): 0 (http)
2025-05-27T22:51:36.854+02:00  INFO 17728 --- [           main] o.apache.catalina.core.StandardService   : Starting service [Tomcat]
2025-05-27T22:51:36.854+02:00  INFO 17728 --- [           main] o.apache.catalina.core.StandardEngine    : Starting Servlet engine: [Apache Tomcat/10.1.5]
2025-05-27T22:51:36.878+02:00  INFO 17728 --- [           main] o.a.c.c.C.[Tomcat].[localhost].[/]       : Initializing Spring embedded WebApplicationContext
2025-05-27T22:51:36.878+02:00  INFO 17728 --- [           main] w.s.c.ServletWebServerApplicationContext : Root WebApplicationContext: initialization completed in 210 ms
2025-05-27T22:51:36.888+02:00  INFO 17728 --- [           main] com.zaxxer.hikari.HikariDataSource       : HikariPool-8 - Starting...
2025-05-27T22:51:36.891+02:00  INFO 17728 --- [           main] com.zaxxer.hikari.pool.HikariPool        : HikariPool-8 - Added connection conn70: url=jdbc:h2:mem:testdb user=SA
2025-05-27T22:51:36.891+02:00  INFO 17728 --- [           main] com.zaxxer.hikari.HikariDataSource       : HikariPool-8 - Start completed.
2025-05-27T22:51:36.892+02:00  INFO 17728 --- [           main] o.s.b.a.h2.H2ConsoleAutoConfiguration    : H2 console available at '/h2-console'. Database available at 'jdbc:h2:mem:testdb'
2025-05-27T22:51:36.910+02:00  INFO 17728 --- [           main] o.hibernate.jpa.internal.util.LogHelper  : HHH000204: Processing PersistenceUnitInfo [name: default]
2025-05-27T22:51:36.913+02:00  WARN 17728 --- [           main] org.hibernate.orm.deprecation            : HHH90000021: Encountered deprecated setting [javax.persistence.sharedCache.mode], use [jakarta.persistence.sharedCache.mode] instead
2025-05-27T22:51:36.917+02:00  INFO 17728 --- [           main] SQL dialect                              : HHH000400: Using dialect: org.hibernate.dialect.H2Dialect
Hibernate: 
    
    drop table if exists cuenta cascade 
Hibernate: 
    
    drop table if exists cuenta_usuarios cascade 
Hibernate: 
    
    drop table if exists plan cascade 
Hibernate: 
    
    create table cuenta (
       id bigint not null,
        nif varchar(255),
        dir_fiscal varchar(255),
        dueno_id bigint,
        fecha_alta date,
        nombre varchar(255),
        plan bigint,
        primary key (id)
    )
Hibernate: 
    
    create table cuenta_usuarios (
       cuenta_id bigint not null,
        usuarios bigint
    )
Hibernate: 
    
    create table plan (
       id bigint generated by default as identity,
        max_activos bigint,
        max_almacenamiento bigint,
        max_categorias_activos bigint,
        max_categorias_productos bigint,
        max_productos bigint,
        max_relaciones bigint,
        nombre varchar(255),
        precio float(53),
        primary key (id)
    )
Hibernate: 
    
    alter table if exists cuenta 
       add constraint fk_cuenta_plan 
       foreign key (plan) 
       references plan
Hibernate: 
    
    alter table if exists cuenta_usuarios 
       add constraint FKn2m3nqhyu579qm9vjvrr3utxo 
       foreign key (cuenta_id) 
       references cuenta
2025-05-27T22:51:36.964+02:00  INFO 17728 --- [           main] o.h.e.t.j.p.i.JtaPlatformInitiator       : HHH000490: Using JtaPlatform implementation: [org.hibernate.engine.transaction.jta.platform.internal.NoJtaPlatform]
2025-05-27T22:51:36.965+02:00  INFO 17728 --- [           main] j.LocalContainerEntityManagerFactoryBean : Initialized JPA EntityManagerFactory for persistence unit 'default'
2025-05-27T22:51:37.029+02:00  WARN 17728 --- [           main] JpaBaseConfiguration$JpaWebConfiguration : spring.jpa.open-in-view is enabled by default. Therefore, database queries may be performed during view rendering. Explicitly configure spring.jpa.open-in-view to disable this warning
2025-05-27T22:51:37.034+02:00  WARN 17728 --- [           main] .s.s.UserDetailsServiceAutoConfiguration : 

Using generated security password: 66459c54-d057-47f2-8acd-d17f998693d1

This generated password is for development use only. Your security configuration must be updated before running your application in production.

2025-05-27T22:51:37.043+02:00  INFO 17728 --- [           main] o.s.s.web.DefaultSecurityFilterChain     : Will secure any request with [org.springframework.security.web.session.DisableEncodeUrlFilter@10c96fde, org.springframework.security.web.context.request.async.WebAsyncManagerIntegrationFilter@6b811af3, org.springframework.security.web.context.SecurityContextHolderFilter@218698d8, org.springframework.security.web.header.HeaderWriterFilter@63b8c91d, org.springframework.security.web.authentication.logout.LogoutFilter@5d14d4e0, es.uma.informatica.sii.plytix.pana.config.JwtRequestFilter@306e9911, org.springframework.security.web.savedrequest.RequestCacheAwareFilter@260d0702, org.springframework.security.web.servletapi.SecurityContextHolderAwareRequestFilter@3d8d2ff, org.springframework.security.web.authentication.AnonymousAuthenticationFilter@768d791, org.springframework.security.web.session.SessionManagementFilter@17bb8d29, org.springframework.security.web.access.ExceptionTranslationFilter@1873fffd, org.springframework.security.web.access.intercept.AuthorizationFilter@56e59aef]
2025-05-27T22:51:37.378+02:00  INFO 17728 --- [           main] o.s.b.w.embedded.tomcat.TomcatWebServer  : Tomcat started on port(s): 60614 (http) with context path ''
2025-05-27T22:51:37.381+02:00  INFO 17728 --- [           main] e.u.i.sii.plytix.pana.ApplicationTests   : Started ApplicationTests in 0.73 seconds (process running for 17.546)
Hibernate: 
    select
        p1_0.id,
        p1_0.max_activos,
        p1_0.max_almacenamiento,
        p1_0.max_categorias_activos,
        p1_0.max_categorias_productos,
        p1_0.max_productos,
        p1_0.max_relaciones,
        p1_0.nombre,
        p1_0.precio 
    from
        plan p1_0
Hibernate: 
    select
        c1_0.id,
        c1_0.nif,
        c1_0.dir_fiscal,
        c1_0.dueno_id,
        c1_0.fecha_alta,
        c1_0.nombre,
        c1_0.plan 
    from
        cuenta c1_0
Hibernate: 
    select
        c1_0.id,
        c1_0.nif,
        c1_0.dir_fiscal,
        c1_0.dueno_id,
        c1_0.fecha_alta,
        c1_0.nombre,
        c1_0.plan 
    from
        cuenta c1_0
Hibernate: 
    select
        p1_0.id,
        p1_0.max_activos,
        p1_0.max_almacenamiento,
        p1_0.max_categorias_activos,
        p1_0.max_categorias_productos,
        p1_0.max_productos,
        p1_0.max_relaciones,
        p1_0.nombre,
        p1_0.precio 
    from
        plan p1_0
Hibernate: 
    select
        p1_0.id,
        p1_0.max_activos,
        p1_0.max_almacenamiento,
        p1_0.max_categorias_activos,
        p1_0.max_categorias_productos,
        p1_0.max_productos,
        p1_0.max_relaciones,
        p1_0.nombre,
        p1_0.precio 
    from
        plan p1_0 
    where
        p1_0.id=?
Hibernate: 
    insert 
    into
        plan
        (id, max_activos, max_almacenamiento, max_categorias_activos, max_categorias_productos, max_productos, max_relaciones, nombre, precio) 
    values
        (default, ?, ?, ?, ?, ?, ?, ?, ?)
Hibernate: 
    select
        p1_0.id,
        p1_0.max_activos,
        p1_0.max_almacenamiento,
        p1_0.max_categorias_activos,
        p1_0.max_categorias_productos,
        p1_0.max_productos,
        p1_0.max_relaciones,
        p1_0.nombre,
        p1_0.precio 
    from
        plan p1_0 
    where
        p1_0.id=?
Hibernate: 
    insert 
    into
        plan
        (id, max_activos, max_almacenamiento, max_categorias_activos, max_categorias_productos, max_productos, max_relaciones, nombre, precio) 
    values
        (default, ?, ?, ?, ?, ?, ?, ?, ?)
Hibernate: 
    select
        c1_0.id,
        c1_0.nif,
        c1_0.dir_fiscal,
        c1_0.dueno_id,
        c1_0.fecha_alta,
        c1_0.nombre,
        p1_0.id,
        p1_0.max_activos,
        p1_0.max_almacenamiento,
        p1_0.max_categorias_activos,
        p1_0.max_categorias_productos,
        p1_0.max_productos,
        p1_0.max_relaciones,
        p1_0.nombre,
        p1_0.precio 
    from
        cuenta c1_0 
    left join
        plan p1_0 
            on p1_0.id=c1_0.plan 
    where
        c1_0.id=?
Hibernate: 
    select
        p1_0.id,
        p1_0.max_activos,
        p1_0.max_almacenamiento,
        p1_0.max_categorias_activos,
        p1_0.max_categorias_productos,
        p1_0.max_productos,
        p1_0.max_relaciones,
        p1_0.nombre,
        p1_0.precio 
    from
        plan p1_0 
    where
        p1_0.id=?
Hibernate: 
    select
        c1_0.id,
        c1_0.nif,
        c1_0.dir_fiscal,
        c1_0.dueno_id,
        c1_0.fecha_alta,
        c1_0.nombre,
        p1_0.id,
        p1_0.max_activos,
        p1_0.max_almacenamiento,
        p1_0.max_categorias_activos,
        p1_0.max_categorias_productos,
        p1_0.max_productos,
        p1_0.max_relaciones,
        p1_0.nombre,
        p1_0.precio 
    from
        cuenta c1_0 
    left join
        plan p1_0 
            on p1_0.id=c1_0.plan 
    where
        c1_0.id=?
Hibernate: 
    select
        p1_0.id,
        p1_0.max_activos,
        p1_0.max_almacenamiento,
        p1_0.max_categorias_activos,
        p1_0.max_categorias_productos,
        p1_0.max_productos,
        p1_0.max_relaciones,
        p1_0.nombre,
        p1_0.precio 
    from
        plan p1_0 
    where
        p1_0.id=?
Hibernate: 
    select
        c1_0.id,
        c1_0.nif,
        c1_0.dir_fiscal,
        c1_0.dueno_id,
        c1_0.fecha_alta,
        c1_0.nombre,
        p1_0.id,
        p1_0.max_activos,
        p1_0.max_almacenamiento,
        p1_0.max_categorias_activos,
        p1_0.max_categorias_productos,
        p1_0.max_productos,
        p1_0.max_relaciones,
        p1_0.nombre,
        p1_0.precio 
    from
        cuenta c1_0 
    left join
        plan p1_0 
            on p1_0.id=c1_0.plan 
    where
        c1_0.id=?
Hibernate: 
    insert 
    into
        cuenta
        (nif, dir_fiscal, dueno_id, fecha_alta, nombre, plan, id) 
    values
        (?, ?, ?, ?, ?, ?, ?)
Hibernate: 
    insert 
    into
        cuenta
        (nif, dir_fiscal, dueno_id, fecha_alta, nombre, plan, id) 
    values
        (?, ?, ?, ?, ?, ?, ?)
Hibernate: 
    insert 
    into
        cuenta
        (nif, dir_fiscal, dueno_id, fecha_alta, nombre, plan, id) 
    values
        (?, ?, ?, ?, ?, ?, ?)
Hibernate: 
    insert 
    into
        cuenta_usuarios
        (cuenta_id, usuarios) 
    values
        (?, ?)
Hibernate: 
    insert 
    into
        cuenta_usuarios
        (cuenta_id, usuarios) 
    values
        (?, ?)
Hibernate: 
    insert 
    into
        cuenta_usuarios
        (cuenta_id, usuarios) 
    values
        (?, ?)
Hibernate: 
    insert 
    into
        cuenta_usuarios
        (cuenta_id, usuarios) 
    values
        (?, ?)
Hibernate: 
    insert 
    into
        cuenta_usuarios
        (cuenta_id, usuarios) 
    values
        (?, ?)
Hibernate: 
    insert 
    into
        cuenta_usuarios
        (cuenta_id, usuarios) 
    values
        (?, ?)
2025-05-27T22:51:37.536+02:00  INFO 17728 --- [o-auto-8-exec-1] o.a.c.c.C.[Tomcat].[localhost].[/]       : Initializing Spring DispatcherServlet 'dispatcherServlet'
2025-05-27T22:51:37.536+02:00  INFO 17728 --- [o-auto-8-exec-1] o.s.web.servlet.DispatcherServlet        : Initializing Servlet 'dispatcherServlet'
2025-05-27T22:51:37.537+02:00  INFO 17728 --- [o-auto-8-exec-1] o.s.web.servlet.DispatcherServlet        : Completed initialization in 1 ms
2025-05-27T22:51:37.551+02:00  INFO 17728 --- [o-auto-8-exec-1] e.u.i.s.p.pana.config.JwtRequestFilter   : El token no comienza con Bearer
Hibernate: 
    select
        c1_0.id,
        c1_0.nif,
        c1_0.dir_fiscal,
        c1_0.dueno_id,
        c1_0.fecha_alta,
        c1_0.nombre,
        c1_0.plan 
    from
        cuenta c1_0 
    where
        c1_0.nombre=?
Hibernate: 
    select
        p1_0.id,
        p1_0.max_activos,
        p1_0.max_almacenamiento,
        p1_0.max_categorias_activos,
        p1_0.max_categorias_productos,
        p1_0.max_productos,
        p1_0.max_relaciones,
        p1_0.nombre,
        p1_0.precio 
    from
        plan p1_0 
    where
        p1_0.id=?
Hibernate: 
    select
        u1_0.cuenta_id,
        u1_0.usuarios 
    from
        cuenta_usuarios u1_0 
    where
        u1_0.cuenta_id=?
2025-05-27T22:51:37.865+02:00  INFO 17728 --- [           main] o.apache.catalina.core.StandardService   : Stopping service [Tomcat]
2025-05-27T22:51:37.865+02:00  INFO 17728 --- [           main] o.a.c.c.C.[Tomcat].[localhost].[/]       : Destroying Spring FrameworkServlet 'dispatcherServlet'
2025-05-27T22:51:37.868+02:00  INFO 17728 --- [           main] j.LocalContainerEntityManagerFactoryBean : Closing JPA EntityManagerFactory for persistence unit 'default'
2025-05-27T22:51:37.868+02:00  INFO 17728 --- [           main] .SchemaDropperImpl$DelayedDropActionImpl : HHH000477: Starting delayed evictData of schema as part of SessionFactory shut-down'
Hibernate: 
    
    drop table if exists cuenta cascade 
Hibernate: 
    
    drop table if exists cuenta_usuarios cascade 
Hibernate: 
    
    drop table if exists plan cascade 
2025-05-27T22:51:37.870+02:00  INFO 17728 --- [           main] com.zaxxer.hikari.HikariDataSource       : HikariPool-8 - Shutdown initiated...
2025-05-27T22:51:37.870+02:00  INFO 17728 --- [           main] com.zaxxer.hikari.HikariDataSource       : HikariPool-8 - Shutdown completed.
]]></system-out>
  </testcase>
  <testcase name="getCuentasPorPlan" classname="es.uma.informatica.sii.plytix.pana.ApplicationTests$GetCuentaTests" time="0.087">
    <system-out><![CDATA[
  .   ____          _            __ _ _
 /\\ / ___'_ __ _ _(_)_ __  __ _ \ \ \ \
( ( )\___ | '_ | '_| | '_ \/ _` | \ \ \ \
 \\/  ___)| |_)| | | | | || (_| |  ) ) ) )
  '  |____| .__|_| |_|_| |_\__, | / / / /
 =========|_|==============|___/=/_/_/_/
 :: Spring Boot ::                (v3.0.2)

2025-05-27T22:51:37.892+02:00  INFO 17728 --- [           main] e.u.i.sii.plytix.pana.ApplicationTests   : Starting ApplicationTests using Java 17.0.5 with PID 17728 (started by enriq in C:\Users\enriq\OneDrive\Escritorio\SII\mini-pim-plytix-pana-TEST-JOSE-MOSHAB-JOSE2)
2025-05-27T22:51:37.892+02:00  INFO 17728 --- [           main] e.u.i.sii.plytix.pana.ApplicationTests   : No active profile set, falling back to 1 default profile: "default"
2025-05-27T22:51:38.031+02:00  INFO 17728 --- [           main] .s.d.r.c.RepositoryConfigurationDelegate : Bootstrapping Spring Data JPA repositories in DEFAULT mode.
2025-05-27T22:51:38.040+02:00  INFO 17728 --- [           main] .s.d.r.c.RepositoryConfigurationDelegate : Finished Spring Data repository scanning in 8 ms. Found 2 JPA repository interfaces.
2025-05-27T22:51:38.080+02:00  INFO 17728 --- [           main] o.s.b.w.embedded.tomcat.TomcatWebServer  : Tomcat initialized with port(s): 0 (http)
2025-05-27T22:51:38.080+02:00  INFO 17728 --- [           main] o.apache.catalina.core.StandardService   : Starting service [Tomcat]
2025-05-27T22:51:38.080+02:00  INFO 17728 --- [           main] o.apache.catalina.core.StandardEngine    : Starting Servlet engine: [Apache Tomcat/10.1.5]
2025-05-27T22:51:38.104+02:00  INFO 17728 --- [           main] o.a.c.c.C.[Tomcat].[localhost].[/]       : Initializing Spring embedded WebApplicationContext
2025-05-27T22:51:38.104+02:00  INFO 17728 --- [           main] w.s.c.ServletWebServerApplicationContext : Root WebApplicationContext: initialization completed in 211 ms
2025-05-27T22:51:38.110+02:00  INFO 17728 --- [           main] com.zaxxer.hikari.HikariDataSource       : HikariPool-9 - Starting...
2025-05-27T22:51:38.111+02:00  INFO 17728 --- [           main] com.zaxxer.hikari.pool.HikariPool        : HikariPool-9 - Added connection conn80: url=jdbc:h2:mem:testdb user=SA
2025-05-27T22:51:38.111+02:00  INFO 17728 --- [           main] com.zaxxer.hikari.HikariDataSource       : HikariPool-9 - Start completed.
2025-05-27T22:51:38.111+02:00  INFO 17728 --- [           main] o.s.b.a.h2.H2ConsoleAutoConfiguration    : H2 console available at '/h2-console'. Database available at 'jdbc:h2:mem:testdb'
2025-05-27T22:51:38.131+02:00  INFO 17728 --- [           main] o.hibernate.jpa.internal.util.LogHelper  : HHH000204: Processing PersistenceUnitInfo [name: default]
2025-05-27T22:51:38.135+02:00  WARN 17728 --- [           main] org.hibernate.orm.deprecation            : HHH90000021: Encountered deprecated setting [javax.persistence.sharedCache.mode], use [jakarta.persistence.sharedCache.mode] instead
2025-05-27T22:51:38.141+02:00  INFO 17728 --- [           main] SQL dialect                              : HHH000400: Using dialect: org.hibernate.dialect.H2Dialect
Hibernate: 
    
    drop table if exists cuenta cascade 
Hibernate: 
    
    drop table if exists cuenta_usuarios cascade 
Hibernate: 
    
    drop table if exists plan cascade 
Hibernate: 
    
    create table cuenta (
       id bigint not null,
        nif varchar(255),
        dir_fiscal varchar(255),
        dueno_id bigint,
        fecha_alta date,
        nombre varchar(255),
        plan bigint,
        primary key (id)
    )
Hibernate: 
    
    create table cuenta_usuarios (
       cuenta_id bigint not null,
        usuarios bigint
    )
Hibernate: 
    
    create table plan (
       id bigint generated by default as identity,
        max_activos bigint,
        max_almacenamiento bigint,
        max_categorias_activos bigint,
        max_categorias_productos bigint,
        max_productos bigint,
        max_relaciones bigint,
        nombre varchar(255),
        precio float(53),
        primary key (id)
    )
Hibernate: 
    
    alter table if exists cuenta 
       add constraint fk_cuenta_plan 
       foreign key (plan) 
       references plan
Hibernate: 
    
    alter table if exists cuenta_usuarios 
       add constraint FKn2m3nqhyu579qm9vjvrr3utxo 
       foreign key (cuenta_id) 
       references cuenta
2025-05-27T22:51:38.189+02:00  INFO 17728 --- [           main] o.h.e.t.j.p.i.JtaPlatformInitiator       : HHH000490: Using JtaPlatform implementation: [org.hibernate.engine.transaction.jta.platform.internal.NoJtaPlatform]
2025-05-27T22:51:38.189+02:00  INFO 17728 --- [           main] j.LocalContainerEntityManagerFactoryBean : Initialized JPA EntityManagerFactory for persistence unit 'default'
2025-05-27T22:51:38.249+02:00  WARN 17728 --- [           main] JpaBaseConfiguration$JpaWebConfiguration : spring.jpa.open-in-view is enabled by default. Therefore, database queries may be performed during view rendering. Explicitly configure spring.jpa.open-in-view to disable this warning
2025-05-27T22:51:38.254+02:00  WARN 17728 --- [           main] .s.s.UserDetailsServiceAutoConfiguration : 

Using generated security password: 0ccc3aa3-da3d-4bcc-87af-d9faa32724ec

This generated password is for development use only. Your security configuration must be updated before running your application in production.

2025-05-27T22:51:38.260+02:00  INFO 17728 --- [           main] o.s.s.web.DefaultSecurityFilterChain     : Will secure any request with [org.springframework.security.web.session.DisableEncodeUrlFilter@218a1f5d, org.springframework.security.web.context.request.async.WebAsyncManagerIntegrationFilter@3554f422, org.springframework.security.web.context.SecurityContextHolderFilter@6cd8e832, org.springframework.security.web.header.HeaderWriterFilter@4f806663, org.springframework.security.web.authentication.logout.LogoutFilter@3ba5fdeb, es.uma.informatica.sii.plytix.pana.config.JwtRequestFilter@e93df1c, org.springframework.security.web.savedrequest.RequestCacheAwareFilter@40f57690, org.springframework.security.web.servletapi.SecurityContextHolderAwareRequestFilter@c8aa393, org.springframework.security.web.authentication.AnonymousAuthenticationFilter@1f9e17e4, org.springframework.security.web.session.SessionManagementFilter@52e9dd0c, org.springframework.security.web.access.ExceptionTranslationFilter@2ed04a2b, org.springframework.security.web.access.intercept.AuthorizationFilter@940ea40]
2025-05-27T22:51:38.564+02:00  INFO 17728 --- [           main] o.s.b.w.embedded.tomcat.TomcatWebServer  : Tomcat started on port(s): 60617 (http) with context path ''
2025-05-27T22:51:38.567+02:00  INFO 17728 --- [           main] e.u.i.sii.plytix.pana.ApplicationTests   : Started ApplicationTests in 0.694 seconds (process running for 18.732)
Hibernate: 
    select
        p1_0.id,
        p1_0.max_activos,
        p1_0.max_almacenamiento,
        p1_0.max_categorias_activos,
        p1_0.max_categorias_productos,
        p1_0.max_productos,
        p1_0.max_relaciones,
        p1_0.nombre,
        p1_0.precio 
    from
        plan p1_0
Hibernate: 
    select
        c1_0.id,
        c1_0.nif,
        c1_0.dir_fiscal,
        c1_0.dueno_id,
        c1_0.fecha_alta,
        c1_0.nombre,
        c1_0.plan 
    from
        cuenta c1_0
Hibernate: 
    select
        c1_0.id,
        c1_0.nif,
        c1_0.dir_fiscal,
        c1_0.dueno_id,
        c1_0.fecha_alta,
        c1_0.nombre,
        c1_0.plan 
    from
        cuenta c1_0
Hibernate: 
    select
        p1_0.id,
        p1_0.max_activos,
        p1_0.max_almacenamiento,
        p1_0.max_categorias_activos,
        p1_0.max_categorias_productos,
        p1_0.max_productos,
        p1_0.max_relaciones,
        p1_0.nombre,
        p1_0.precio 
    from
        plan p1_0
Hibernate: 
    select
        p1_0.id,
        p1_0.max_activos,
        p1_0.max_almacenamiento,
        p1_0.max_categorias_activos,
        p1_0.max_categorias_productos,
        p1_0.max_productos,
        p1_0.max_relaciones,
        p1_0.nombre,
        p1_0.precio 
    from
        plan p1_0 
    where
        p1_0.id=?
Hibernate: 
    insert 
    into
        plan
        (id, max_activos, max_almacenamiento, max_categorias_activos, max_categorias_productos, max_productos, max_relaciones, nombre, precio) 
    values
        (default, ?, ?, ?, ?, ?, ?, ?, ?)
Hibernate: 
    select
        p1_0.id,
        p1_0.max_activos,
        p1_0.max_almacenamiento,
        p1_0.max_categorias_activos,
        p1_0.max_categorias_productos,
        p1_0.max_productos,
        p1_0.max_relaciones,
        p1_0.nombre,
        p1_0.precio 
    from
        plan p1_0 
    where
        p1_0.id=?
Hibernate: 
    insert 
    into
        plan
        (id, max_activos, max_almacenamiento, max_categorias_activos, max_categorias_productos, max_productos, max_relaciones, nombre, precio) 
    values
        (default, ?, ?, ?, ?, ?, ?, ?, ?)
Hibernate: 
    select
        c1_0.id,
        c1_0.nif,
        c1_0.dir_fiscal,
        c1_0.dueno_id,
        c1_0.fecha_alta,
        c1_0.nombre,
        p1_0.id,
        p1_0.max_activos,
        p1_0.max_almacenamiento,
        p1_0.max_categorias_activos,
        p1_0.max_categorias_productos,
        p1_0.max_productos,
        p1_0.max_relaciones,
        p1_0.nombre,
        p1_0.precio 
    from
        cuenta c1_0 
    left join
        plan p1_0 
            on p1_0.id=c1_0.plan 
    where
        c1_0.id=?
Hibernate: 
    select
        p1_0.id,
        p1_0.max_activos,
        p1_0.max_almacenamiento,
        p1_0.max_categorias_activos,
        p1_0.max_categorias_productos,
        p1_0.max_productos,
        p1_0.max_relaciones,
        p1_0.nombre,
        p1_0.precio 
    from
        plan p1_0 
    where
        p1_0.id=?
Hibernate: 
    select
        c1_0.id,
        c1_0.nif,
        c1_0.dir_fiscal,
        c1_0.dueno_id,
        c1_0.fecha_alta,
        c1_0.nombre,
        p1_0.id,
        p1_0.max_activos,
        p1_0.max_almacenamiento,
        p1_0.max_categorias_activos,
        p1_0.max_categorias_productos,
        p1_0.max_productos,
        p1_0.max_relaciones,
        p1_0.nombre,
        p1_0.precio 
    from
        cuenta c1_0 
    left join
        plan p1_0 
            on p1_0.id=c1_0.plan 
    where
        c1_0.id=?
Hibernate: 
    select
        p1_0.id,
        p1_0.max_activos,
        p1_0.max_almacenamiento,
        p1_0.max_categorias_activos,
        p1_0.max_categorias_productos,
        p1_0.max_productos,
        p1_0.max_relaciones,
        p1_0.nombre,
        p1_0.precio 
    from
        plan p1_0 
    where
        p1_0.id=?
Hibernate: 
    select
        c1_0.id,
        c1_0.nif,
        c1_0.dir_fiscal,
        c1_0.dueno_id,
        c1_0.fecha_alta,
        c1_0.nombre,
        p1_0.id,
        p1_0.max_activos,
        p1_0.max_almacenamiento,
        p1_0.max_categorias_activos,
        p1_0.max_categorias_productos,
        p1_0.max_productos,
        p1_0.max_relaciones,
        p1_0.nombre,
        p1_0.precio 
    from
        cuenta c1_0 
    left join
        plan p1_0 
            on p1_0.id=c1_0.plan 
    where
        c1_0.id=?
Hibernate: 
    insert 
    into
        cuenta
        (nif, dir_fiscal, dueno_id, fecha_alta, nombre, plan, id) 
    values
        (?, ?, ?, ?, ?, ?, ?)
Hibernate: 
    insert 
    into
        cuenta
        (nif, dir_fiscal, dueno_id, fecha_alta, nombre, plan, id) 
    values
        (?, ?, ?, ?, ?, ?, ?)
Hibernate: 
    insert 
    into
        cuenta
        (nif, dir_fiscal, dueno_id, fecha_alta, nombre, plan, id) 
    values
        (?, ?, ?, ?, ?, ?, ?)
Hibernate: 
    insert 
    into
        cuenta_usuarios
        (cuenta_id, usuarios) 
    values
        (?, ?)
Hibernate: 
    insert 
    into
        cuenta_usuarios
        (cuenta_id, usuarios) 
    values
        (?, ?)
Hibernate: 
    insert 
    into
        cuenta_usuarios
        (cuenta_id, usuarios) 
    values
        (?, ?)
Hibernate: 
    insert 
    into
        cuenta_usuarios
        (cuenta_id, usuarios) 
    values
        (?, ?)
Hibernate: 
    insert 
    into
        cuenta_usuarios
        (cuenta_id, usuarios) 
    values
        (?, ?)
Hibernate: 
    insert 
    into
        cuenta_usuarios
        (cuenta_id, usuarios) 
    values
        (?, ?)
2025-05-27T22:51:38.596+02:00  INFO 17728 --- [o-auto-9-exec-1] o.a.c.c.C.[Tomcat].[localhost].[/]       : Initializing Spring DispatcherServlet 'dispatcherServlet'
2025-05-27T22:51:38.597+02:00  INFO 17728 --- [o-auto-9-exec-1] o.s.web.servlet.DispatcherServlet        : Initializing Servlet 'dispatcherServlet'
2025-05-27T22:51:38.597+02:00  INFO 17728 --- [o-auto-9-exec-1] o.s.web.servlet.DispatcherServlet        : Completed initialization in 0 ms
2025-05-27T22:51:38.598+02:00  INFO 17728 --- [o-auto-9-exec-1] e.u.i.s.p.pana.config.JwtRequestFilter   : El token no comienza con Bearer
Hibernate: 
    select
        c1_0.id,
        c1_0.nif,
        c1_0.dir_fiscal,
        c1_0.dueno_id,
        c1_0.fecha_alta,
        c1_0.nombre,
        c1_0.plan 
    from
        cuenta c1_0 
    where
        c1_0.plan=?
Hibernate: 
    select
        p1_0.id,
        p1_0.max_activos,
        p1_0.max_almacenamiento,
        p1_0.max_categorias_activos,
        p1_0.max_categorias_productos,
        p1_0.max_productos,
        p1_0.max_relaciones,
        p1_0.nombre,
        p1_0.precio 
    from
        plan p1_0 
    where
        p1_0.id=?
Hibernate: 
    select
        u1_0.cuenta_id,
        u1_0.usuarios 
    from
        cuenta_usuarios u1_0 
    where
        u1_0.cuenta_id=?
Hibernate: 
    select
        u1_0.cuenta_id,
        u1_0.usuarios 
    from
        cuenta_usuarios u1_0 
    where
        u1_0.cuenta_id=?
2025-05-27T22:51:38.651+02:00  INFO 17728 --- [           main] o.apache.catalina.core.StandardService   : Stopping service [Tomcat]
2025-05-27T22:51:38.652+02:00  INFO 17728 --- [           main] o.a.c.c.C.[Tomcat].[localhost].[/]       : Destroying Spring FrameworkServlet 'dispatcherServlet'
2025-05-27T22:51:38.654+02:00  INFO 17728 --- [           main] j.LocalContainerEntityManagerFactoryBean : Closing JPA EntityManagerFactory for persistence unit 'default'
2025-05-27T22:51:38.655+02:00  INFO 17728 --- [           main] .SchemaDropperImpl$DelayedDropActionImpl : HHH000477: Starting delayed evictData of schema as part of SessionFactory shut-down'
Hibernate: 
    
    drop table if exists cuenta cascade 
Hibernate: 
    
    drop table if exists cuenta_usuarios cascade 
Hibernate: 
    
    drop table if exists plan cascade 
2025-05-27T22:51:38.656+02:00  INFO 17728 --- [           main] com.zaxxer.hikari.HikariDataSource       : HikariPool-9 - Shutdown initiated...
2025-05-27T22:51:38.657+02:00  INFO 17728 --- [           main] com.zaxxer.hikari.HikariDataSource       : HikariPool-9 - Shutdown completed.
]]></system-out>
  </testcase>
  <testcase name="getCuentaInexistentePorNombre" classname="es.uma.informatica.sii.plytix.pana.ApplicationTests$GetCuentaTests" time="0.079">
    <system-out><![CDATA[
  .   ____          _            __ _ _
 /\\ / ___'_ __ _ _(_)_ __  __ _ \ \ \ \
( ( )\___ | '_ | '_| | '_ \/ _` | \ \ \ \
 \\/  ___)| |_)| | | | | || (_| |  ) ) ) )
  '  |____| .__|_| |_|_| |_\__, | / / / /
 =========|_|==============|___/=/_/_/_/
 :: Spring Boot ::                (v3.0.2)

2025-05-27T22:51:38.677+02:00  INFO 17728 --- [           main] e.u.i.sii.plytix.pana.ApplicationTests   : Starting ApplicationTests using Java 17.0.5 with PID 17728 (started by enriq in C:\Users\enriq\OneDrive\Escritorio\SII\mini-pim-plytix-pana-TEST-JOSE-MOSHAB-JOSE2)
2025-05-27T22:51:38.677+02:00  INFO 17728 --- [           main] e.u.i.sii.plytix.pana.ApplicationTests   : No active profile set, falling back to 1 default profile: "default"
2025-05-27T22:51:38.827+02:00  INFO 17728 --- [           main] .s.d.r.c.RepositoryConfigurationDelegate : Bootstrapping Spring Data JPA repositories in DEFAULT mode.
2025-05-27T22:51:38.838+02:00  INFO 17728 --- [           main] .s.d.r.c.RepositoryConfigurationDelegate : Finished Spring Data repository scanning in 10 ms. Found 2 JPA repository interfaces.
2025-05-27T22:51:38.884+02:00  INFO 17728 --- [           main] o.s.b.w.embedded.tomcat.TomcatWebServer  : Tomcat initialized with port(s): 0 (http)
2025-05-27T22:51:38.885+02:00  INFO 17728 --- [           main] o.apache.catalina.core.StandardService   : Starting service [Tomcat]
2025-05-27T22:51:38.885+02:00  INFO 17728 --- [           main] o.apache.catalina.core.StandardEngine    : Starting Servlet engine: [Apache Tomcat/10.1.5]
2025-05-27T22:51:38.913+02:00  INFO 17728 --- [           main] o.a.c.c.C.[Tomcat].[localhost].[/]       : Initializing Spring embedded WebApplicationContext
2025-05-27T22:51:38.913+02:00  INFO 17728 --- [           main] w.s.c.ServletWebServerApplicationContext : Root WebApplicationContext: initialization completed in 235 ms
2025-05-27T22:51:38.919+02:00  INFO 17728 --- [           main] com.zaxxer.hikari.HikariDataSource       : HikariPool-10 - Starting...
2025-05-27T22:51:38.921+02:00  INFO 17728 --- [           main] com.zaxxer.hikari.pool.HikariPool        : HikariPool-10 - Added connection conn90: url=jdbc:h2:mem:testdb user=SA
2025-05-27T22:51:38.921+02:00  INFO 17728 --- [           main] com.zaxxer.hikari.HikariDataSource       : HikariPool-10 - Start completed.
2025-05-27T22:51:38.921+02:00  INFO 17728 --- [           main] o.s.b.a.h2.H2ConsoleAutoConfiguration    : H2 console available at '/h2-console'. Database available at 'jdbc:h2:mem:testdb'
2025-05-27T22:51:38.940+02:00  INFO 17728 --- [           main] o.hibernate.jpa.internal.util.LogHelper  : HHH000204: Processing PersistenceUnitInfo [name: default]
2025-05-27T22:51:38.943+02:00  WARN 17728 --- [           main] org.hibernate.orm.deprecation            : HHH90000021: Encountered deprecated setting [javax.persistence.sharedCache.mode], use [jakarta.persistence.sharedCache.mode] instead
2025-05-27T22:51:38.947+02:00  INFO 17728 --- [           main] SQL dialect                              : HHH000400: Using dialect: org.hibernate.dialect.H2Dialect
Hibernate: 
    
    drop table if exists cuenta cascade 
Hibernate: 
    
    drop table if exists cuenta_usuarios cascade 
Hibernate: 
    
    drop table if exists plan cascade 
Hibernate: 
    
    create table cuenta (
       id bigint not null,
        nif varchar(255),
        dir_fiscal varchar(255),
        dueno_id bigint,
        fecha_alta date,
        nombre varchar(255),
        plan bigint,
        primary key (id)
    )
Hibernate: 
    
    create table cuenta_usuarios (
       cuenta_id bigint not null,
        usuarios bigint
    )
Hibernate: 
    
    create table plan (
       id bigint generated by default as identity,
        max_activos bigint,
        max_almacenamiento bigint,
        max_categorias_activos bigint,
        max_categorias_productos bigint,
        max_productos bigint,
        max_relaciones bigint,
        nombre varchar(255),
        precio float(53),
        primary key (id)
    )
Hibernate: 
    
    alter table if exists cuenta 
       add constraint fk_cuenta_plan 
       foreign key (plan) 
       references plan
Hibernate: 
    
    alter table if exists cuenta_usuarios 
       add constraint FKn2m3nqhyu579qm9vjvrr3utxo 
       foreign key (cuenta_id) 
       references cuenta
2025-05-27T22:51:38.986+02:00  INFO 17728 --- [           main] o.h.e.t.j.p.i.JtaPlatformInitiator       : HHH000490: Using JtaPlatform implementation: [org.hibernate.engine.transaction.jta.platform.internal.NoJtaPlatform]
2025-05-27T22:51:38.986+02:00  INFO 17728 --- [           main] j.LocalContainerEntityManagerFactoryBean : Initialized JPA EntityManagerFactory for persistence unit 'default'
2025-05-27T22:51:39.039+02:00  WARN 17728 --- [           main] JpaBaseConfiguration$JpaWebConfiguration : spring.jpa.open-in-view is enabled by default. Therefore, database queries may be performed during view rendering. Explicitly configure spring.jpa.open-in-view to disable this warning
2025-05-27T22:51:39.043+02:00  WARN 17728 --- [           main] .s.s.UserDetailsServiceAutoConfiguration : 

Using generated security password: dcfc2a18-72d2-444e-b707-2e2023d34f9a

This generated password is for development use only. Your security configuration must be updated before running your application in production.

2025-05-27T22:51:39.048+02:00  INFO 17728 --- [           main] o.s.s.web.DefaultSecurityFilterChain     : Will secure any request with [org.springframework.security.web.session.DisableEncodeUrlFilter@7f9c30b2, org.springframework.security.web.context.request.async.WebAsyncManagerIntegrationFilter@7ef8f3e5, org.springframework.security.web.context.SecurityContextHolderFilter@77c1b7d4, org.springframework.security.web.header.HeaderWriterFilter@2a4afa09, org.springframework.security.web.authentication.logout.LogoutFilter@6bed511d, es.uma.informatica.sii.plytix.pana.config.JwtRequestFilter@5a987d76, org.springframework.security.web.savedrequest.RequestCacheAwareFilter@70ca8948, org.springframework.security.web.servletapi.SecurityContextHolderAwareRequestFilter@d2dafea, org.springframework.security.web.authentication.AnonymousAuthenticationFilter@791917c6, org.springframework.security.web.session.SessionManagementFilter@6e3e5ce0, org.springframework.security.web.access.ExceptionTranslationFilter@50eaecc8, org.springframework.security.web.access.intercept.AuthorizationFilter@2f7bb11d]
2025-05-27T22:51:39.350+02:00  INFO 17728 --- [           main] o.s.b.w.embedded.tomcat.TomcatWebServer  : Tomcat started on port(s): 60621 (http) with context path ''
2025-05-27T22:51:39.352+02:00  INFO 17728 --- [           main] e.u.i.sii.plytix.pana.ApplicationTests   : Started ApplicationTests in 0.693 seconds (process running for 19.518)
Hibernate: 
    select
        p1_0.id,
        p1_0.max_activos,
        p1_0.max_almacenamiento,
        p1_0.max_categorias_activos,
        p1_0.max_categorias_productos,
        p1_0.max_productos,
        p1_0.max_relaciones,
        p1_0.nombre,
        p1_0.precio 
    from
        plan p1_0
Hibernate: 
    select
        c1_0.id,
        c1_0.nif,
        c1_0.dir_fiscal,
        c1_0.dueno_id,
        c1_0.fecha_alta,
        c1_0.nombre,
        c1_0.plan 
    from
        cuenta c1_0
Hibernate: 
    select
        c1_0.id,
        c1_0.nif,
        c1_0.dir_fiscal,
        c1_0.dueno_id,
        c1_0.fecha_alta,
        c1_0.nombre,
        c1_0.plan 
    from
        cuenta c1_0
Hibernate: 
    select
        p1_0.id,
        p1_0.max_activos,
        p1_0.max_almacenamiento,
        p1_0.max_categorias_activos,
        p1_0.max_categorias_productos,
        p1_0.max_productos,
        p1_0.max_relaciones,
        p1_0.nombre,
        p1_0.precio 
    from
        plan p1_0
Hibernate: 
    select
        p1_0.id,
        p1_0.max_activos,
        p1_0.max_almacenamiento,
        p1_0.max_categorias_activos,
        p1_0.max_categorias_productos,
        p1_0.max_productos,
        p1_0.max_relaciones,
        p1_0.nombre,
        p1_0.precio 
    from
        plan p1_0 
    where
        p1_0.id=?
Hibernate: 
    insert 
    into
        plan
        (id, max_activos, max_almacenamiento, max_categorias_activos, max_categorias_productos, max_productos, max_relaciones, nombre, precio) 
    values
        (default, ?, ?, ?, ?, ?, ?, ?, ?)
Hibernate: 
    select
        p1_0.id,
        p1_0.max_activos,
        p1_0.max_almacenamiento,
        p1_0.max_categorias_activos,
        p1_0.max_categorias_productos,
        p1_0.max_productos,
        p1_0.max_relaciones,
        p1_0.nombre,
        p1_0.precio 
    from
        plan p1_0 
    where
        p1_0.id=?
Hibernate: 
    insert 
    into
        plan
        (id, max_activos, max_almacenamiento, max_categorias_activos, max_categorias_productos, max_productos, max_relaciones, nombre, precio) 
    values
        (default, ?, ?, ?, ?, ?, ?, ?, ?)
Hibernate: 
    select
        c1_0.id,
        c1_0.nif,
        c1_0.dir_fiscal,
        c1_0.dueno_id,
        c1_0.fecha_alta,
        c1_0.nombre,
        p1_0.id,
        p1_0.max_activos,
        p1_0.max_almacenamiento,
        p1_0.max_categorias_activos,
        p1_0.max_categorias_productos,
        p1_0.max_productos,
        p1_0.max_relaciones,
        p1_0.nombre,
        p1_0.precio 
    from
        cuenta c1_0 
    left join
        plan p1_0 
            on p1_0.id=c1_0.plan 
    where
        c1_0.id=?
Hibernate: 
    select
        p1_0.id,
        p1_0.max_activos,
        p1_0.max_almacenamiento,
        p1_0.max_categorias_activos,
        p1_0.max_categorias_productos,
        p1_0.max_productos,
        p1_0.max_relaciones,
        p1_0.nombre,
        p1_0.precio 
    from
        plan p1_0 
    where
        p1_0.id=?
Hibernate: 
    select
        c1_0.id,
        c1_0.nif,
        c1_0.dir_fiscal,
        c1_0.dueno_id,
        c1_0.fecha_alta,
        c1_0.nombre,
        p1_0.id,
        p1_0.max_activos,
        p1_0.max_almacenamiento,
        p1_0.max_categorias_activos,
        p1_0.max_categorias_productos,
        p1_0.max_productos,
        p1_0.max_relaciones,
        p1_0.nombre,
        p1_0.precio 
    from
        cuenta c1_0 
    left join
        plan p1_0 
            on p1_0.id=c1_0.plan 
    where
        c1_0.id=?
Hibernate: 
    select
        p1_0.id,
        p1_0.max_activos,
        p1_0.max_almacenamiento,
        p1_0.max_categorias_activos,
        p1_0.max_categorias_productos,
        p1_0.max_productos,
        p1_0.max_relaciones,
        p1_0.nombre,
        p1_0.precio 
    from
        plan p1_0 
    where
        p1_0.id=?
Hibernate: 
    select
        c1_0.id,
        c1_0.nif,
        c1_0.dir_fiscal,
        c1_0.dueno_id,
        c1_0.fecha_alta,
        c1_0.nombre,
        p1_0.id,
        p1_0.max_activos,
        p1_0.max_almacenamiento,
        p1_0.max_categorias_activos,
        p1_0.max_categorias_productos,
        p1_0.max_productos,
        p1_0.max_relaciones,
        p1_0.nombre,
        p1_0.precio 
    from
        cuenta c1_0 
    left join
        plan p1_0 
            on p1_0.id=c1_0.plan 
    where
        c1_0.id=?
Hibernate: 
    insert 
    into
        cuenta
        (nif, dir_fiscal, dueno_id, fecha_alta, nombre, plan, id) 
    values
        (?, ?, ?, ?, ?, ?, ?)
Hibernate: 
    insert 
    into
        cuenta
        (nif, dir_fiscal, dueno_id, fecha_alta, nombre, plan, id) 
    values
        (?, ?, ?, ?, ?, ?, ?)
Hibernate: 
    insert 
    into
        cuenta
        (nif, dir_fiscal, dueno_id, fecha_alta, nombre, plan, id) 
    values
        (?, ?, ?, ?, ?, ?, ?)
Hibernate: 
    insert 
    into
        cuenta_usuarios
        (cuenta_id, usuarios) 
    values
        (?, ?)
Hibernate: 
    insert 
    into
        cuenta_usuarios
        (cuenta_id, usuarios) 
    values
        (?, ?)
Hibernate: 
    insert 
    into
        cuenta_usuarios
        (cuenta_id, usuarios) 
    values
        (?, ?)
Hibernate: 
    insert 
    into
        cuenta_usuarios
        (cuenta_id, usuarios) 
    values
        (?, ?)
Hibernate: 
    insert 
    into
        cuenta_usuarios
        (cuenta_id, usuarios) 
    values
        (?, ?)
Hibernate: 
    insert 
    into
        cuenta_usuarios
        (cuenta_id, usuarios) 
    values
        (?, ?)
2025-05-27T22:51:39.385+02:00  INFO 17728 --- [-auto-10-exec-1] o.a.c.c.C.[Tomcat].[localhost].[/]       : Initializing Spring DispatcherServlet 'dispatcherServlet'
2025-05-27T22:51:39.385+02:00  INFO 17728 --- [-auto-10-exec-1] o.s.web.servlet.DispatcherServlet        : Initializing Servlet 'dispatcherServlet'
2025-05-27T22:51:39.386+02:00  INFO 17728 --- [-auto-10-exec-1] o.s.web.servlet.DispatcherServlet        : Completed initialization in 1 ms
2025-05-27T22:51:39.386+02:00  INFO 17728 --- [-auto-10-exec-1] e.u.i.s.p.pana.config.JwtRequestFilter   : El token no comienza con Bearer
Hibernate: 
    select
        c1_0.id,
        c1_0.nif,
        c1_0.dir_fiscal,
        c1_0.dueno_id,
        c1_0.fecha_alta,
        c1_0.nombre,
        c1_0.plan 
    from
        cuenta c1_0 
    where
        c1_0.nombre=?
2025-05-27T22:51:39.428+02:00  INFO 17728 --- [           main] o.apache.catalina.core.StandardService   : Stopping service [Tomcat]
2025-05-27T22:51:39.428+02:00  INFO 17728 --- [           main] o.a.c.c.C.[Tomcat].[localhost].[/]       : Destroying Spring FrameworkServlet 'dispatcherServlet'
2025-05-27T22:51:39.431+02:00  INFO 17728 --- [           main] j.LocalContainerEntityManagerFactoryBean : Closing JPA EntityManagerFactory for persistence unit 'default'
2025-05-27T22:51:39.431+02:00  INFO 17728 --- [           main] .SchemaDropperImpl$DelayedDropActionImpl : HHH000477: Starting delayed evictData of schema as part of SessionFactory shut-down'
Hibernate: 
    
    drop table if exists cuenta cascade 
Hibernate: 
    
    drop table if exists cuenta_usuarios cascade 
Hibernate: 
    
    drop table if exists plan cascade 
2025-05-27T22:51:39.433+02:00  INFO 17728 --- [           main] com.zaxxer.hikari.HikariDataSource       : HikariPool-10 - Shutdown initiated...
2025-05-27T22:51:39.434+02:00  INFO 17728 --- [           main] com.zaxxer.hikari.HikariDataSource       : HikariPool-10 - Shutdown completed.
]]></system-out>
  </testcase>
</testsuite>